<?xml version="1.0" encoding="UTF-8"?>
<!-- Generated by org.testng.reporters.JUnitReportReporter -->
<testsuite hostname="DESKTOP-LG2LKO2" failures="0" tests="1" name="Misc.Handlecookies" time="31.454" errors="0" timestamp="22 Dec 2019 12:47:14 GMT" skipped="0">
  <testcase classname="Misc.Handlecookies" name="Deletecookie" time="31.454"/>
</testsuite> <!-- Misc.Handlecookies -->
