<?xml version="1.0" encoding="UTF-8"?>
<!-- Generated by org.testng.reporters.JUnitReportReporter -->
<testsuite hostname="DESKTOP-LG2LKO2" failures="0" tests="1" name="Javaprograms.Mind1" time="23.052" errors="0" timestamp="14 Dec 2019 21:53:03 GMT" skipped="0">
  <testcase classname="Javaprograms.Mind1" name="Deletecookie" time="23.052"/>
</testsuite> <!-- Javaprograms.Mind1 -->
